{'fatalError': False,
 'maxTotalPoints': 11,
 'messages': [],
 'mode': 'auto',
 'parts': [{'description': '',
            'extraCredit': False,
            'maxPoints': 0,
            'maxSeconds': 5,
            'messages': ["File 'writeup.pdf' does not exist"],
            'name': 'writeupValid',
            'points': 0,
            'seconds': 0},
           {'description': '2a basic test for emission probabilities',
            'extraCredit': False,
            'maxPoints': 2,
            'maxSeconds': 5,
            'messages': [],
            'name': '2a-0',
            'points': 2,
            'seconds': 0},
           {'description': '3a basic test for transition probabilities',
            'extraCredit': False,
            'maxPoints': 2,
            'maxSeconds': 5,
            'messages': [],
            'name': '3a-0',
            'points': 2,
            'seconds': 0},
           {'description': '4a basic test for PF observe',
            'extraCredit': False,
            'maxPoints': 2,
            'maxSeconds': 5,
            'messages': [],
            'name': '4a-0',
            'points': 2,
            'seconds': 0},
           {'description': '4a basic test for PF elapseTime',
            'extraCredit': False,
            'maxPoints': 2,
            'maxSeconds': 5,
            'messages': ["Expected '200', but got '3.89532824326'",
                         "Expected '66', but got '61'",
                         "Expected '9', but got '0'",
                         "Expected '7', but got '0'",
                         "Expected '6', but got '0.736143578916'",
                         "Expected '1', but got '0'",
                         "Expected '1', but got '0'",
                         "Expected '1', but got '0'",
                         "Exception thrown: <type 'exceptions.TypeError'> -- range() integer end argument expected, got float.",
                         '  File "grader.py", line 112, in test4a_1\n    pf.elapseTime()\n',
                         '  File "/home/cleophus/Code/school/CS221/homework7/car/submission.py", line 223, in elapseTime\n    for i in range(self.particles[tile]):\n'],
            'name': '4a-1',
            'points': 0,
            'seconds': 0},
           {'description': '4a basic test for PF observe AND elapseTime',
            'extraCredit': False,
            'maxPoints': 3,
            'maxSeconds': 5,
            'messages': ["Expected '66', but got '61'",
                         "Expected '3', but got '2'",
                         "Expected '0.025', but got '0.18'",
                         "Expected '0.035', but got '0.82'",
                         "Expected '0.94', but got '0.0'",
                         "Expected '5', but got '2'",
                         "Expected '0.0', but got '1.0'",
                         "Expected '0.095', but got '0.0'",
                         "Expected '0.905', but got '0.0'"],
            'name': '4a-2',
            'points': 0,
            'seconds': 0}],
 'totalPoints': 6}
